1745507231.265602 client started (909486): version 3.2a, socket /tmp/tmux-5072/default, protocol 8
1745507231.265728 on Linux 5.15.0-131-generic #141-Ubuntu SMP Fri Jan 10 21:18:28 UTC 2025
1745507231.265745 using libevent 2.1.12-stable (poll); ncurses 6.3
1745507231.265775 flags are 0x18010000
1745507231.265787 socket is /tmp/tmux-5072/default
1745507231.265809 trying connect
1745507231.265842 connect failed: No such file or directory
1745507231.265873 lock file is /tmp/tmux-5072/default.lock
1745507231.265928 flock succeeded
1745507231.265946 got lock (6)
1745507231.265962 trying connect
1745507231.265981 connect failed: No such file or directory
1745507231.266224 add peer 0x55cfbfa641f0: 7 ((nil))
1745507231.266738 sending message 100 to peer 0x55cfbfa641f0 (4 bytes)
1745507231.266769 sending message 111 to peer 0x55cfbfa641f0 (8 bytes)
1745507231.266781 sending message 101 to peer 0x55cfbfa641f0 (15 bytes)
1745507231.266792 sending message 109 to peer 0x55cfbfa641f0 (4 bytes)
1745507231.266802 sending message 102 to peer 0x55cfbfa641f0 (12 bytes)
1745507231.266813 sending message 108 to peer 0x55cfbfa641f0 (41 bytes)
1745507231.266824 sending message 112 to peer 0x55cfbfa641f0 (58 bytes)
1745507231.266836 sending message 112 to peer 0x55cfbfa641f0 (5 bytes)
1745507231.266846 sending message 112 to peer 0x55cfbfa641f0 (5 bytes)
1745507231.266856 sending message 112 to peer 0x55cfbfa641f0 (6 bytes)
1745507231.266867 sending message 112 to peer 0x55cfbfa641f0 (6 bytes)
1745507231.266877 sending message 112 to peer 0x55cfbfa641f0 (11 bytes)
1745507231.266887 sending message 112 to peer 0x55cfbfa641f0 (10 bytes)
1745507231.266897 sending message 112 to peer 0x55cfbfa641f0 (13 bytes)
1745507231.266907 sending message 112 to peer 0x55cfbfa641f0 (14 bytes)
1745507231.266917 sending message 112 to peer 0x55cfbfa641f0 (19 bytes)
1745507231.266928 sending message 112 to peer 0x55cfbfa641f0 (11 bytes)
1745507231.266938 sending message 112 to peer 0x55cfbfa641f0 (10 bytes)
1745507231.266948 sending message 112 to peer 0x55cfbfa641f0 (15 bytes)
1745507231.266959 sending message 112 to peer 0x55cfbfa641f0 (21 bytes)
1745507231.266969 sending message 112 to peer 0x55cfbfa641f0 (13 bytes)
1745507231.266979 sending message 112 to peer 0x55cfbfa641f0 (7 bytes)
1745507231.266989 sending message 112 to peer 0x55cfbfa641f0 (13 bytes)
1745507231.266999 sending message 112 to peer 0x55cfbfa641f0 (7 bytes)
1745507231.267009 sending message 112 to peer 0x55cfbfa641f0 (13 bytes)
1745507231.267019 sending message 112 to peer 0x55cfbfa641f0 (9 bytes)
1745507231.267030 sending message 112 to peer 0x55cfbfa641f0 (21 bytes)
1745507231.267040 sending message 112 to peer 0x55cfbfa641f0 (13 bytes)
1745507231.267050 sending message 112 to peer 0x55cfbfa641f0 (9 bytes)
1745507231.267060 sending message 112 to peer 0x55cfbfa641f0 (16 bytes)
1745507231.267070 sending message 112 to peer 0x55cfbfa641f0 (13 bytes)
1745507231.267081 sending message 112 to peer 0x55cfbfa641f0 (9 bytes)
1745507231.267091 sending message 112 to peer 0x55cfbfa641f0 (9 bytes)
1745507231.267101 sending message 112 to peer 0x55cfbfa641f0 (12 bytes)
1745507231.267111 sending message 112 to peer 0x55cfbfa641f0 (8 bytes)
1745507231.267121 sending message 112 to peer 0x55cfbfa641f0 (8 bytes)
1745507231.267131 sending message 112 to peer 0x55cfbfa641f0 (13 bytes)
1745507231.267141 sending message 112 to peer 0x55cfbfa641f0 (7 bytes)
1745507231.267151 sending message 112 to peer 0x55cfbfa641f0 (7 bytes)
1745507231.267161 sending message 112 to peer 0x55cfbfa641f0 (9 bytes)
1745507231.267172 sending message 112 to peer 0x55cfbfa641f0 (9 bytes)
1745507231.267183 sending message 112 to peer 0x55cfbfa641f0 (15 bytes)
1745507231.267194 sending message 112 to peer 0x55cfbfa641f0 (13 bytes)
1745507231.267204 sending message 112 to peer 0x55cfbfa641f0 (12 bytes)
1745507231.267214 sending message 112 to peer 0x55cfbfa641f0 (8 bytes)
1745507231.267224 sending message 112 to peer 0x55cfbfa641f0 (14 bytes)
1745507231.268183 sending message 112 to peer 0x55cfbfa641f0 (11 bytes)
1745507231.268204 sending message 112 to peer 0x55cfbfa641f0 (9 bytes)
1745507231.268216 sending message 112 to peer 0x55cfbfa641f0 (10 bytes)
1745507231.268226 sending message 112 to peer 0x55cfbfa641f0 (10 bytes)
1745507231.268236 sending message 112 to peer 0x55cfbfa641f0 (10 bytes)
1745507231.268246 sending message 112 to peer 0x55cfbfa641f0 (10 bytes)
1745507231.268255 sending message 112 to peer 0x55cfbfa641f0 (11 bytes)
1745507231.268265 sending message 112 to peer 0x55cfbfa641f0 (12 bytes)
1745507231.268274 sending message 112 to peer 0x55cfbfa641f0 (12 bytes)
1745507231.268284 sending message 112 to peer 0x55cfbfa641f0 (12 bytes)
1745507231.268293 sending message 112 to peer 0x55cfbfa641f0 (12 bytes)
1745507231.268303 sending message 112 to peer 0x55cfbfa641f0 (12 bytes)
1745507231.268312 sending message 112 to peer 0x55cfbfa641f0 (11 bytes)
1745507231.268322 sending message 112 to peer 0x55cfbfa641f0 (11 bytes)
1745507231.268331 sending message 112 to peer 0x55cfbfa641f0 (12 bytes)
1745507231.268341 sending message 112 to peer 0x55cfbfa641f0 (12 bytes)
1745507231.268351 sending message 112 to peer 0x55cfbfa641f0 (12 bytes)
1745507231.268360 sending message 112 to peer 0x55cfbfa641f0 (12 bytes)
1745507231.268370 sending message 112 to peer 0x55cfbfa641f0 (12 bytes)
1745507231.268379 sending message 112 to peer 0x55cfbfa641f0 (9 bytes)
1745507231.268389 sending message 112 to peer 0x55cfbfa641f0 (12 bytes)
1745507231.268399 sending message 112 to peer 0x55cfbfa641f0 (13 bytes)
1745507231.268408 sending message 112 to peer 0x55cfbfa641f0 (13 bytes)
1745507231.268418 sending message 112 to peer 0x55cfbfa641f0 (13 bytes)
1745507231.268427 sending message 112 to peer 0x55cfbfa641f0 (13 bytes)
1745507231.268437 sending message 112 to peer 0x55cfbfa641f0 (13 bytes)
1745507231.268447 sending message 112 to peer 0x55cfbfa641f0 (8 bytes)
1745507231.268457 sending message 112 to peer 0x55cfbfa641f0 (11 bytes)
1745507231.268466 sending message 112 to peer 0x55cfbfa641f0 (11 bytes)
1745507231.268476 sending message 112 to peer 0x55cfbfa641f0 (11 bytes)
1745507231.268485 sending message 112 to peer 0x55cfbfa641f0 (12 bytes)
1745507231.268495 sending message 112 to peer 0x55cfbfa641f0 (12 bytes)
1745507231.268504 sending message 112 to peer 0x55cfbfa641f0 (12 bytes)
1745507231.268514 sending message 112 to peer 0x55cfbfa641f0 (12 bytes)
1745507231.268524 sending message 112 to peer 0x55cfbfa641f0 (13 bytes)
1745507231.268534 sending message 112 to peer 0x55cfbfa641f0 (13 bytes)
1745507231.268543 sending message 112 to peer 0x55cfbfa641f0 (13 bytes)
1745507231.268552 sending message 112 to peer 0x55cfbfa641f0 (8 bytes)
1745507231.268562 sending message 112 to peer 0x55cfbfa641f0 (13 bytes)
1745507231.268572 sending message 112 to peer 0x55cfbfa641f0 (13 bytes)
1745507231.268582 sending message 112 to peer 0x55cfbfa641f0 (13 bytes)
1745507231.268592 sending message 112 to peer 0x55cfbfa641f0 (13 bytes)
1745507231.268601 sending message 112 to peer 0x55cfbfa641f0 (13 bytes)
1745507231.268611 sending message 112 to peer 0x55cfbfa641f0 (12 bytes)
1745507231.268621 sending message 112 to peer 0x55cfbfa641f0 (12 bytes)
1745507231.268630 sending message 112 to peer 0x55cfbfa641f0 (12 bytes)
1745507231.268640 sending message 112 to peer 0x55cfbfa641f0 (12 bytes)
1745507231.268650 sending message 112 to peer 0x55cfbfa641f0 (13 bytes)
1745507231.268659 sending message 112 to peer 0x55cfbfa641f0 (8 bytes)
1745507231.268669 sending message 112 to peer 0x55cfbfa641f0 (13 bytes)
1745507231.268678 sending message 112 to peer 0x55cfbfa641f0 (13 bytes)
1745507231.268688 sending message 112 to peer 0x55cfbfa641f0 (13 bytes)
1745507231.268697 sending message 112 to peer 0x55cfbfa641f0 (13 bytes)
1745507231.268707 sending message 112 to peer 0x55cfbfa641f0 (13 bytes)
1745507231.268717 sending message 112 to peer 0x55cfbfa641f0 (13 bytes)
1745507231.268726 sending message 112 to peer 0x55cfbfa641f0 (13 bytes)
1745507231.268736 sending message 112 to peer 0x55cfbfa641f0 (12 bytes)
1745507231.268745 sending message 112 to peer 0x55cfbfa641f0 (12 bytes)
1745507231.268755 sending message 112 to peer 0x55cfbfa641f0 (12 bytes)
1745507231.268765 sending message 112 to peer 0x55cfbfa641f0 (8 bytes)
1745507231.268775 sending message 112 to peer 0x55cfbfa641f0 (12 bytes)
1745507231.268785 sending message 112 to peer 0x55cfbfa641f0 (13 bytes)
1745507231.268795 sending message 112 to peer 0x55cfbfa641f0 (13 bytes)
1745507231.268804 sending message 112 to peer 0x55cfbfa641f0 (13 bytes)
1745507231.268814 sending message 112 to peer 0x55cfbfa641f0 (13 bytes)
1745507231.268823 sending message 112 to peer 0x55cfbfa641f0 (13 bytes)
1745507231.268833 sending message 112 to peer 0x55cfbfa641f0 (13 bytes)
1745507231.268843 sending message 112 to peer 0x55cfbfa641f0 (13 bytes)
1745507231.268852 sending message 112 to peer 0x55cfbfa641f0 (13 bytes)
1745507231.268861 sending message 112 to peer 0x55cfbfa641f0 (12 bytes)
1745507231.268871 sending message 112 to peer 0x55cfbfa641f0 (10 bytes)
1745507231.268880 sending message 112 to peer 0x55cfbfa641f0 (12 bytes)
1745507231.268890 sending message 112 to peer 0x55cfbfa641f0 (12 bytes)
1745507231.268899 sending message 112 to peer 0x55cfbfa641f0 (12 bytes)
1745507231.268908 sending message 112 to peer 0x55cfbfa641f0 (13 bytes)
1745507231.268918 sending message 112 to peer 0x55cfbfa641f0 (13 bytes)
1745507231.268928 sending message 112 to peer 0x55cfbfa641f0 (13 bytes)
1745507231.268937 sending message 112 to peer 0x55cfbfa641f0 (13 bytes)
1745507231.268947 sending message 112 to peer 0x55cfbfa641f0 (13 bytes)
1745507231.268956 sending message 112 to peer 0x55cfbfa641f0 (13 bytes)
1745507231.268966 sending message 112 to peer 0x55cfbfa641f0 (13 bytes)
1745507231.268975 sending message 112 to peer 0x55cfbfa641f0 (10 bytes)
1745507231.268985 sending message 112 to peer 0x55cfbfa641f0 (13 bytes)
1745507231.268994 sending message 112 to peer 0x55cfbfa641f0 (12 bytes)
1745507231.269004 sending message 112 to peer 0x55cfbfa641f0 (12 bytes)
1745507231.269014 sending message 112 to peer 0x55cfbfa641f0 (12 bytes)
1745507231.269024 sending message 112 to peer 0x55cfbfa641f0 (10 bytes)
1745507231.269033 sending message 112 to peer 0x55cfbfa641f0 (10 bytes)
1745507231.269043 sending message 112 to peer 0x55cfbfa641f0 (10 bytes)
1745507231.269052 sending message 112 to peer 0x55cfbfa641f0 (12 bytes)
1745507231.269062 sending message 112 to peer 0x55cfbfa641f0 (13 bytes)
1745507231.269071 sending message 112 to peer 0x55cfbfa641f0 (13 bytes)
1745507231.269081 sending message 112 to peer 0x55cfbfa641f0 (13 bytes)
1745507231.269091 sending message 112 to peer 0x55cfbfa641f0 (13 bytes)
1745507231.269100 sending message 112 to peer 0x55cfbfa641f0 (13 bytes)
1745507231.269110 sending message 112 to peer 0x55cfbfa641f0 (10 bytes)
1745507231.269120 sending message 112 to peer 0x55cfbfa641f0 (11 bytes)
1745507231.269130 sending message 112 to peer 0x55cfbfa641f0 (12 bytes)
1745507231.269160 sending message 112 to peer 0x55cfbfa641f0 (12 bytes)
1745507231.269176 sending message 112 to peer 0x55cfbfa641f0 (12 bytes)
1745507231.269188 sending message 112 to peer 0x55cfbfa641f0 (12 bytes)
1745507231.269199 sending message 112 to peer 0x55cfbfa641f0 (12 bytes)
1745507231.269209 sending message 112 to peer 0x55cfbfa641f0 (11 bytes)
1745507231.269220 sending message 112 to peer 0x55cfbfa641f0 (12 bytes)
1745507231.269230 sending message 112 to peer 0x55cfbfa641f0 (12 bytes)
1745507231.269241 sending message 112 to peer 0x55cfbfa641f0 (13 bytes)
1745507231.269251 sending message 112 to peer 0x55cfbfa641f0 (13 bytes)
1745507231.269262 sending message 112 to peer 0x55cfbfa641f0 (13 bytes)
1745507231.269272 sending message 112 to peer 0x55cfbfa641f0 (13 bytes)
1745507231.269283 sending message 112 to peer 0x55cfbfa641f0 (13 bytes)
1745507231.269293 sending message 112 to peer 0x55cfbfa641f0 (10 bytes)
1745507231.269304 sending message 112 to peer 0x55cfbfa641f0 (9 bytes)
1745507231.269315 sending message 112 to peer 0x55cfbfa641f0 (12 bytes)
1745507231.269326 sending message 112 to peer 0x55cfbfa641f0 (13 bytes)
1745507231.269337 sending message 112 to peer 0x55cfbfa641f0 (13 bytes)
1745507231.269349 sending message 112 to peer 0x55cfbfa641f0 (13 bytes)
1745507231.269360 sending message 112 to peer 0x55cfbfa641f0 (13 bytes)
1745507231.269370 sending message 112 to peer 0x55cfbfa641f0 (13 bytes)
1745507231.269382 sending message 112 to peer 0x55cfbfa641f0 (9 bytes)
1745507231.269393 sending message 112 to peer 0x55cfbfa641f0 (12 bytes)
1745507231.269403 sending message 112 to peer 0x55cfbfa641f0 (13 bytes)
1745507231.269413 sending message 112 to peer 0x55cfbfa641f0 (13 bytes)
1745507231.269424 sending message 112 to peer 0x55cfbfa641f0 (13 bytes)
1745507231.269434 sending message 112 to peer 0x55cfbfa641f0 (13 bytes)
1745507231.269445 sending message 112 to peer 0x55cfbfa641f0 (13 bytes)
1745507231.269455 sending message 112 to peer 0x55cfbfa641f0 (11 bytes)
1745507231.269465 sending message 112 to peer 0x55cfbfa641f0 (12 bytes)
1745507231.269476 sending message 112 to peer 0x55cfbfa641f0 (13 bytes)
1745507231.269486 sending message 112 to peer 0x55cfbfa641f0 (13 bytes)
1745507231.269497 sending message 112 to peer 0x55cfbfa641f0 (13 bytes)
1745507231.269507 sending message 112 to peer 0x55cfbfa641f0 (13 bytes)
1745507231.269519 sending message 112 to peer 0x55cfbfa641f0 (13 bytes)
1745507231.269529 sending message 112 to peer 0x55cfbfa641f0 (11 bytes)
1745507231.269539 sending message 112 to peer 0x55cfbfa641f0 (12 bytes)
1745507231.269550 sending message 112 to peer 0x55cfbfa641f0 (12 bytes)
1745507231.269560 sending message 112 to peer 0x55cfbfa641f0 (12 bytes)
1745507231.269570 sending message 112 to peer 0x55cfbfa641f0 (12 bytes)
1745507231.269582 sending message 112 to peer 0x55cfbfa641f0 (12 bytes)
1745507231.269592 sending message 112 to peer 0x55cfbfa641f0 (21 bytes)
1745507231.269604 sending message 112 to peer 0x55cfbfa641f0 (12 bytes)
1745507231.269614 sending message 112 to peer 0x55cfbfa641f0 (9 bytes)
1745507231.269625 sending message 112 to peer 0x55cfbfa641f0 (6 bytes)
1745507231.269636 sending message 112 to peer 0x55cfbfa641f0 (13 bytes)
1745507231.269646 sending message 112 to peer 0x55cfbfa641f0 (10 bytes)
1745507231.269657 sending message 112 to peer 0x55cfbfa641f0 (24 bytes)
1745507231.269668 sending message 112 to peer 0x55cfbfa641f0 (13 bytes)
1745507231.269679 sending message 112 to peer 0x55cfbfa641f0 (9 bytes)
1745507231.269690 sending message 112 to peer 0x55cfbfa641f0 (70 bytes)
1745507231.269701 sending message 112 to peer 0x55cfbfa641f0 (69 bytes)
1745507231.269715 sending message 112 to peer 0x55cfbfa641f0 (12 bytes)
1745507231.269726 sending message 112 to peer 0x55cfbfa641f0 (10 bytes)
1745507231.269736 sending message 112 to peer 0x55cfbfa641f0 (10 bytes)
1745507231.269747 sending message 112 to peer 0x55cfbfa641f0 (24 bytes)
1745507231.269757 sending message 112 to peer 0x55cfbfa641f0 (13 bytes)
1745507231.269768 sending message 112 to peer 0x55cfbfa641f0 (10 bytes)
1745507231.269778 sending message 112 to peer 0x55cfbfa641f0 (10 bytes)
1745507231.269788 sending message 112 to peer 0x55cfbfa641f0 (10 bytes)
1745507231.269798 sending message 112 to peer 0x55cfbfa641f0 (13 bytes)
1745507231.269809 sending message 112 to peer 0x55cfbfa641f0 (15 bytes)
1745507231.269820 sending message 112 to peer 0x55cfbfa641f0 (5 bytes)
1745507231.269832 sending message 104 to peer 0x55cfbfa641f0 (0 bytes)
1745507231.269844 sending message 110 to peer 0x55cfbfa641f0 (0 bytes)
1745507231.269856 sending message 107 to peer 0x55cfbfa641f0 (4 bytes)
1745507231.269867 sending message 105 to peer 0x55cfbfa641f0 (16 bytes)
1745507231.269877 sending message 105 to peer 0x55cfbfa641f0 (20 bytes)
1745507231.269887 sending message 105 to peer 0x55cfbfa641f0 (28 bytes)
1745507231.269898 sending message 105 to peer 0x55cfbfa641f0 (52 bytes)
1745507231.269908 sending message 105 to peer 0x55cfbfa641f0 (7 bytes)
1745507231.269918 sending message 105 to peer 0x55cfbfa641f0 (45 bytes)
1745507231.269929 sending message 105 to peer 0x55cfbfa641f0 (16 bytes)
1745507231.269939 sending message 105 to peer 0x55cfbfa641f0 (45 bytes)
1745507231.269950 sending message 105 to peer 0x55cfbfa641f0 (133 bytes)
1745507231.269963 sending message 105 to peer 0x55cfbfa641f0 (15 bytes)
1745507231.269974 sending message 105 to peer 0x55cfbfa641f0 (27 bytes)
1745507231.269984 sending message 105 to peer 0x55cfbfa641f0 (17 bytes)
1745507231.269995 sending message 105 to peer 0x55cfbfa641f0 (32 bytes)
1745507231.270006 sending message 105 to peer 0x55cfbfa641f0 (30 bytes)
1745507231.270018 sending message 105 to peer 0x55cfbfa641f0 (147 bytes)
1745507231.270029 sending message 105 to peer 0x55cfbfa641f0 (53 bytes)
1745507231.270039 sending message 105 to peer 0x55cfbfa641f0 (31 bytes)
1745507231.270050 sending message 105 to peer 0x55cfbfa641f0 (20 bytes)
1745507231.270060 sending message 105 to peer 0x55cfbfa641f0 (11 bytes)
1745507231.270071 sending message 105 to peer 0x55cfbfa641f0 (13 bytes)
1745507231.270081 sending message 105 to peer 0x55cfbfa641f0 (54 bytes)
1745507231.270091 sending message 105 to peer 0x55cfbfa641f0 (14 bytes)
1745507231.270102 sending message 105 to peer 0x55cfbfa641f0 (8 bytes)
1745507231.270112 sending message 105 to peer 0x55cfbfa641f0 (60 bytes)
1745507231.270123 sending message 105 to peer 0x55cfbfa641f0 (103 bytes)
1745507231.270133 sending message 105 to peer 0x55cfbfa641f0 (53 bytes)
1745507231.270144 sending message 105 to peer 0x55cfbfa641f0 (35 bytes)
1745507231.270154 sending message 105 to peer 0x55cfbfa641f0 (23 bytes)
1745507231.270164 sending message 105 to peer 0x55cfbfa641f0 (164 bytes)
1745507231.270175 sending message 105 to peer 0x55cfbfa641f0 (47 bytes)
1745507231.270185 sending message 105 to peer 0x55cfbfa641f0 (65 bytes)
1745507231.270196 sending message 105 to peer 0x55cfbfa641f0 (135 bytes)
1745507231.270206 sending message 105 to peer 0x55cfbfa641f0 (382 bytes)
1745507231.270217 sending message 105 to peer 0x55cfbfa641f0 (20 bytes)
1745507231.270227 sending message 105 to peer 0x55cfbfa641f0 (78 bytes)
1745507231.270237 sending message 105 to peer 0x55cfbfa641f0 (16 bytes)
1745507231.270248 sending message 106 to peer 0x55cfbfa641f0 (0 bytes)
1745507231.270265 sending message 200 to peer 0x55cfbfa641f0 (4 bytes)
1745507231.270275 client loop enter
1745507231.270331 client_signal: Child exited
1745507231.420315 peer 0x55cfbfa641f0 message 207
1745507231.420353 sending message 208 to peer 0x55cfbfa641f0 (0 bytes)
1745507368.548541 peer 0x55cfbfa641f0 message 201
1745507368.548591 sending message 205 to peer 0x55cfbfa641f0 (0 bytes)
1745507368.549232 peer 0x55cfbfa641f0 message 204
1745507368.549285 client loop exit
